c:\users\dima\google диск\projects\c++\sw\sw\x64\debug\vc140.pdb
c:\users\dima\google диск\projects\c++\sw\sw\x64\debug\vc140.idb
c:\users\dima\google диск\projects\c++\sw\sw\x64\debug\main.obj
c:\users\dima\google диск\projects\c++\sw\sw\x64\debug\bitmap.obj
c:\users\dima\google диск\projects\c++\sw\sw\x64\debug\rect.obj
c:\users\dima\google диск\projects\c++\sw\sw\x64\debug\window.obj
c:\users\dima\google диск\projects\c++\sw\sw\x64\debug\application.obj
c:\users\dima\google диск\projects\c++\sw\sw\x64\debug\dispatcher.obj
c:\users\dima\google диск\projects\c++\sw\sw\x64\debug\task.obj
c:\users\dima\google диск\projects\c++\sw\sw\x64\debug\string.obj
c:\users\dima\google диск\projects\c++\sw\sw\x64\debug\property.obj
c:\users\dima\google диск\projects\c++\sw\x64\debug\sw.ilk
c:\users\dima\google диск\projects\c++\sw\x64\debug\sw.exe
c:\users\dima\google диск\projects\c++\sw\x64\debug\sw.pdb
c:\users\dima\google диск\projects\c++\sw\sw\x64\debug\vc140[конфликт].idb
c:\users\dima\google диск\projects\c++\sw\sw\x64\debug\sw.tlog\cl.command.1.tlog
c:\users\dima\google диск\projects\c++\sw\sw\x64\debug\sw.tlog\cl.read.1.tlog
c:\users\dima\google диск\projects\c++\sw\sw\x64\debug\sw.tlog\cl.write.1.tlog
c:\users\dima\google диск\projects\c++\sw\sw\x64\debug\sw.tlog\link-cvtres.read.1.tlog
c:\users\dima\google диск\projects\c++\sw\sw\x64\debug\sw.tlog\link-cvtres.write.1.tlog
c:\users\dima\google диск\projects\c++\sw\sw\x64\debug\sw.tlog\link-rc.read.1.tlog
c:\users\dima\google диск\projects\c++\sw\sw\x64\debug\sw.tlog\link-rc.write.1.tlog
c:\users\dima\google диск\projects\c++\sw\sw\x64\debug\sw.tlog\link.command.1.tlog
c:\users\dima\google диск\projects\c++\sw\sw\x64\debug\sw.tlog\link.read.1.tlog
c:\users\dima\google диск\projects\c++\sw\sw\x64\debug\sw.tlog\link.write.1.tlog
